<?xml version="1.0" encoding="UTF-8"?>
<!-- Generated by org.testng.reporters.JUnitReportReporter -->
<testsuite skipped="0" hostname="PC" name="com.mavenproj.getrequestTest" tests="2" failures="0" timestamp="25 Jul 2020 00:44:34 GMT" time="6.126" errors="0">
  <testcase name="getrequestwithjsonpath" time="3.655" classname="com.mavenproj.getrequestTest"/>
  <testcase name="getrequestwithobjectMapper" time="2.471" classname="com.mavenproj.getrequestTest"/>
</testsuite> <!-- com.mavenproj.getrequestTest -->
